<?xml version="1.0" encoding="UTF-8"?>
<!-- Generated by org.testng.reporters.JUnitXMLReporter -->
<testsuite ignored="0" hostname="Aryan.local" failures="0" tests="3" name="HomePageTest" time="12.537" errors="0" timestamp="2025-10-27T15:11:03 IST">
  <testcase classname="com.CRM.TestCase.HomePageTestCase" name="verifyUrl" time="0.331"/>
  <testcase classname="com.CRM.TestCase.HomePageTestCase" name="verifyTitle" time="0.156"/>
  <testcase classname="com.CRM.TestCase.HomePageTestCase" name="validateSignInLink" time="1.263"/>
</testsuite> <!-- HomePageTest -->
