<?xml version="1.0" encoding="UTF-8"?>
<!-- Generated by org.testng.reporters.JUnitXMLReporter -->
<testsuite ignored="0" hostname="Aryan.local" failures="0" tests="3" name="HomePageTest" time="5.245" errors="0" timestamp="2025-10-27T15:04:12 IST">
  <testcase classname="com.CRM.TestCase.HomePageTestCase" name="verifyUrl" time="0.256"/>
  <testcase classname="com.CRM.TestCase.HomePageTestCase" name="verifyTitle" time="0.082"/>
  <testcase classname="com.CRM.TestCase.HomePageTestCase" name="validateSignInLink" time="0.535"/>
</testsuite> <!-- HomePageTest -->
