<?xml version="1.0" encoding="UTF-8"?>
<testsuite xmlns:xsi="http://www.w3.org/2001/XMLSchema-instance" xsi:noNamespaceSchemaLocation="https://maven.apache.org/surefire/maven-surefire-plugin/xsd/surefire-test-report.xsd" version="3.0.2" name="TestSuite" time="12.139" tests="4" errors="0" skipped="0" failures="0">
  <properties>
[...]
</properties>
  <testcase name="verifyUrl" classname="com.CRM.TestCase.HomePageTestCase" time="0.256">
    <system-out><![CDATA[Test Pass: Url match
]]></system-out>
    <system-err><![CDATA[SLF4J: Failed to load class "org.slf4j.impl.StaticLoggerBinder".
SLF4J: Defaulting to no-operation (NOP) logger implementation
SLF4J: See http://www.slf4j.org/codes.html#StaticLoggerBinder for further details.
]]></system-err>
  </testcase>
  <testcase name="verifyTitle" classname="com.CRM.TestCase.HomePageTestCase" time="0.081">
    <system-out><![CDATA[Test Pass: Title match
]]></system-out>
  </testcase>
  <testcase name="validateSignInLink" classname="com.CRM.TestCase.HomePageTestCase" time="0.536">
    <system-out><![CDATA[Test Pass: Application Navigation to Login Page
]]></system-out>
  </testcase>
  <testcase name="validateLogin" classname="com.CRM.TestCase.LoginPageTestCase" time="2.277">
    <system-out><![CDATA[Test Pass: Login Compelted 
]]></system-out>
  </testcase>
</testsuite>