<?xml version="1.0" encoding="UTF-8"?>
<testng-results ignored="0" total="4" passed="4" failed="0" skipped="0">
  <reporter-output>
  </reporter-output>
  <suite started-at="2025-10-27T13:52:14 IST" name="Suite" finished-at="2025-10-27T13:52:26 IST" duration-ms="12078">
    <groups>
    </groups>
    <test started-at="2025-10-27T13:52:14 IST" name="HomePageTest" finished-at="2025-10-27T13:52:20 IST" duration-ms="6293">
      <class name="com.CRM.TestCase.HomePageTestCase">
        <test-method is-config="true" signature="setup()[pri:0, instance:com.CRM.TestCase.HomePageTestCase@70be0a2b]" started-at="2025-10-27T13:52:14 IST" name="setup" finished-at="2025-10-27T13:52:19 IST" duration-ms="5027" status="PASS">
          <reporter-output>
          </reporter-output>
        </test-method> <!-- setup -->
        <test-method signature="verifyUrl()[pri:1, instance:com.CRM.TestCase.HomePageTestCase@70be0a2b]" started-at="2025-10-27T13:52:19 IST" name="verifyUrl" finished-at="2025-10-27T13:52:19 IST" duration-ms="3" status="PASS">
          <reporter-output>
          </reporter-output>
        </test-method> <!-- verifyUrl -->
        <test-method signature="verifyTitle()[pri:2, instance:com.CRM.TestCase.HomePageTestCase@70be0a2b]" started-at="2025-10-27T13:52:19 IST" name="verifyTitle" finished-at="2025-10-27T13:52:19 IST" duration-ms="2" status="PASS">
          <reporter-output>
          </reporter-output>
        </test-method> <!-- verifyTitle -->
        <test-method signature="validateSignInLink()[pri:3, instance:com.CRM.TestCase.HomePageTestCase@70be0a2b]" started-at="2025-10-27T13:52:19 IST" name="validateSignInLink" finished-at="2025-10-27T13:52:20 IST" duration-ms="1121" status="PASS">
          <reporter-output>
          </reporter-output>
        </test-method> <!-- validateSignInLink -->
        <test-method is-config="true" signature="close()[pri:0, instance:com.CRM.TestCase.HomePageTestCase@70be0a2b]" started-at="2025-10-27T13:52:20 IST" name="close" finished-at="2025-10-27T13:52:20 IST" duration-ms="129" status="PASS">
          <reporter-output>
          </reporter-output>
        </test-method> <!-- close -->
      </class> <!-- com.CRM.TestCase.HomePageTestCase -->
    </test> <!-- HomePageTest -->
    <test started-at="2025-10-27T13:52:20 IST" name="LoginPageTest" finished-at="2025-10-27T13:52:26 IST" duration-ms="5764">
      <class name="com.CRM.TestCase.LoginPageTestCase">
        <test-method is-config="true" signature="setup()[pri:0, instance:com.CRM.TestCase.LoginPageTestCase@63a65a25]" started-at="2025-10-27T13:52:20 IST" name="setup" finished-at="2025-10-27T13:52:22 IST" duration-ms="2309" status="PASS">
          <reporter-output>
          </reporter-output>
        </test-method> <!-- setup -->
        <test-method is-config="true" signature="pageSetUp()[pri:0, instance:com.CRM.TestCase.LoginPageTestCase@63a65a25]" started-at="2025-10-27T13:52:22 IST" name="pageSetUp" finished-at="2025-10-27T13:52:23 IST" duration-ms="1123" status="PASS">
          <reporter-output>
          </reporter-output>
        </test-method> <!-- pageSetUp -->
        <test-method signature="validateLogin()[pri:0, instance:com.CRM.TestCase.LoginPageTestCase@63a65a25]" started-at="2025-10-27T13:52:23 IST" name="validateLogin" finished-at="2025-10-27T13:52:26 IST" duration-ms="2120" status="PASS">
          <reporter-output>
          </reporter-output>
        </test-method> <!-- validateLogin -->
        <test-method is-config="true" signature="close()[pri:0, instance:com.CRM.TestCase.LoginPageTestCase@63a65a25]" started-at="2025-10-27T13:52:26 IST" name="close" finished-at="2025-10-27T13:52:26 IST" duration-ms="210" status="PASS">
          <reporter-output>
          </reporter-output>
        </test-method> <!-- close -->
      </class> <!-- com.CRM.TestCase.LoginPageTestCase -->
    </test> <!-- LoginPageTest -->
  </suite> <!-- Suite -->
</testng-results>
