<?xml version="1.0" encoding="UTF-8"?>
<testng-results ignored="0" total="3" passed="3" failed="0" skipped="0">
  <reporter-output>
  </reporter-output>
  <suite started-at="2025-10-27T17:07:04 IST" name="Suite" finished-at="2025-10-27T17:07:30 IST" duration-ms="25949">
    <groups>
    </groups>
    <test started-at="2025-10-27T17:07:04 IST" name="FirefoxTest" finished-at="2025-10-27T17:07:25 IST" duration-ms="20241">
      <class name="com.SeleniumGrid.ParallelTest">
        <test-method signature="testCrossBrowser(java.lang.String)[pri:0, instance:com.SeleniumGrid.ParallelTest@49139829]" started-at="2025-10-27T17:07:05 IST" name="testCrossBrowser" finished-at="2025-10-27T17:07:25 IST" duration-ms="20082" status="PASS">
          <params>
            <param index="0">
              <value>
                <![CDATA[Firefox]]>
              </value>
            </param>
          </params>
          <reporter-output>
          </reporter-output>
        </test-method> <!-- testCrossBrowser -->
      </class> <!-- com.SeleniumGrid.ParallelTest -->
    </test> <!-- FirefoxTest -->
    <test started-at="2025-10-27T17:07:04 IST" name="ChromeTest" finished-at="2025-10-27T17:07:30 IST" duration-ms="25362">
      <class name="com.SeleniumGrid.ParallelTest">
        <test-method signature="testCrossBrowser(java.lang.String)[pri:0, instance:com.SeleniumGrid.ParallelTest@123ef382]" started-at="2025-10-27T17:07:05 IST" name="testCrossBrowser" finished-at="2025-10-27T17:07:30 IST" duration-ms="25224" status="PASS">
          <params>
            <param index="0">
              <value>
                <![CDATA[Chrome]]>
              </value>
            </param>
          </params>
          <reporter-output>
          </reporter-output>
        </test-method> <!-- testCrossBrowser -->
      </class> <!-- com.SeleniumGrid.ParallelTest -->
    </test> <!-- ChromeTest -->
    <test started-at="2025-10-27T17:07:04 IST" name="EdgeTest" finished-at="2025-10-27T17:07:30 IST" duration-ms="25949">
      <class name="com.SeleniumGrid.ParallelTest">
        <test-method signature="testCrossBrowser(java.lang.String)[pri:0, instance:com.SeleniumGrid.ParallelTest@4efbca5a]" started-at="2025-10-27T17:07:05 IST" name="testCrossBrowser" finished-at="2025-10-27T17:07:30 IST" duration-ms="25812" status="PASS">
          <params>
            <param index="0">
              <value>
                <![CDATA[Edge]]>
              </value>
            </param>
          </params>
          <reporter-output>
          </reporter-output>
        </test-method> <!-- testCrossBrowser -->
      </class> <!-- com.SeleniumGrid.ParallelTest -->
    </test> <!-- EdgeTest -->
  </suite> <!-- Suite -->
</testng-results>
