<?xml version="1.0" encoding="UTF-8"?>
<testng-results ignored="0" total="4" passed="4" failed="0" skipped="0">
  <reporter-output>
  </reporter-output>
  <suite started-at="2025-10-27T15:10:50 IST" name="Suite" finished-at="2025-10-27T15:11:17 IST" duration-ms="26166">
    <groups>
    </groups>
    <test started-at="2025-10-27T15:10:50 IST" name="HomePageTest" finished-at="2025-10-27T15:11:03 IST" duration-ms="12537">
      <class name="com.CRM.TestCase.HomePageTestCase">
        <test-method is-config="true" signature="setup()[pri:0, instance:com.CRM.TestCase.HomePageTestCase@6d763516]" started-at="2025-10-27T15:10:51 IST" name="setup" finished-at="2025-10-27T15:11:01 IST" duration-ms="10591" status="PASS">
          <reporter-output>
          </reporter-output>
        </test-method> <!-- setup -->
        <test-method signature="verifyUrl()[pri:1, instance:com.CRM.TestCase.HomePageTestCase@6d763516]" started-at="2025-10-27T15:11:01 IST" name="verifyUrl" finished-at="2025-10-27T15:11:01 IST" duration-ms="331" status="PASS">
          <reporter-output>
          </reporter-output>
        </test-method> <!-- verifyUrl -->
        <test-method signature="verifyTitle()[pri:2, instance:com.CRM.TestCase.HomePageTestCase@6d763516]" started-at="2025-10-27T15:11:01 IST" name="verifyTitle" finished-at="2025-10-27T15:11:02 IST" duration-ms="156" status="PASS">
          <reporter-output>
          </reporter-output>
        </test-method> <!-- verifyTitle -->
        <test-method signature="validateSignInLink()[pri:3, instance:com.CRM.TestCase.HomePageTestCase@6d763516]" started-at="2025-10-27T15:11:02 IST" name="validateSignInLink" finished-at="2025-10-27T15:11:03 IST" duration-ms="1263" status="PASS">
          <reporter-output>
          </reporter-output>
        </test-method> <!-- validateSignInLink -->
        <test-method is-config="true" signature="close()[pri:0, instance:com.CRM.TestCase.HomePageTestCase@6d763516]" started-at="2025-10-27T15:11:03 IST" name="close" finished-at="2025-10-27T15:11:03 IST" duration-ms="159" status="PASS">
          <reporter-output>
          </reporter-output>
        </test-method> <!-- close -->
      </class> <!-- com.CRM.TestCase.HomePageTestCase -->
    </test> <!-- HomePageTest -->
    <test started-at="2025-10-27T15:11:03 IST" name="LoginPageTest" finished-at="2025-10-27T15:11:17 IST" duration-ms="13543">
      <class name="com.CRM.TestCase.LoginPageTestCase">
        <test-method is-config="true" signature="setup()[pri:0, instance:com.CRM.TestCase.LoginPageTestCase@18078bef]" started-at="2025-10-27T15:11:03 IST" name="setup" finished-at="2025-10-27T15:11:12 IST" duration-ms="8904" status="PASS">
          <reporter-output>
          </reporter-output>
        </test-method> <!-- setup -->
        <test-method is-config="true" signature="pageSetUp()[pri:0, instance:com.CRM.TestCase.LoginPageTestCase@18078bef]" started-at="2025-10-27T15:11:12 IST" name="pageSetUp" finished-at="2025-10-27T15:11:14 IST" duration-ms="1673" status="PASS">
          <reporter-output>
          </reporter-output>
        </test-method> <!-- pageSetUp -->
        <test-method signature="validateLogin()[pri:0, instance:com.CRM.TestCase.LoginPageTestCase@18078bef]" started-at="2025-10-27T15:11:14 IST" name="validateLogin" finished-at="2025-10-27T15:11:17 IST" duration-ms="2809" status="PASS">
          <reporter-output>
          </reporter-output>
        </test-method> <!-- validateLogin -->
        <test-method is-config="true" signature="close()[pri:0, instance:com.CRM.TestCase.LoginPageTestCase@18078bef]" started-at="2025-10-27T15:11:17 IST" name="close" finished-at="2025-10-27T15:11:17 IST" duration-ms="145" status="PASS">
          <reporter-output>
          </reporter-output>
        </test-method> <!-- close -->
      </class> <!-- com.CRM.TestCase.LoginPageTestCase -->
    </test> <!-- LoginPageTest -->
  </suite> <!-- Suite -->
</testng-results>
